<?xml version="1.0" encoding="UTF-8"?>
<!-- Generated by org.testng.reporters.JUnitReportReporter -->
<testsuite hostname="GAVLMUMDT-046" failures="0" tests="1" name="Farmer_V106_Functional.collectionCenterBooking" time="37.823" errors="0" timestamp="2025-01-17T11:19:10 IST" skipped="0">
  <testcase classname="Farmer_V106_Functional.collectionCenterBooking" name="VerifyUserAbleTOBookSlotWithoutSelectingDate" time="37.823"/>
  <system-out/>
</testsuite> <!-- Farmer_V106_Functional.collectionCenterBooking -->
