<?xml version="1.0" encoding="UTF-8"?>
<!-- Generated by org.testng.reporters.JUnitReportReporter -->
<testsuite hostname="GAVLMUMDT-046" failures="0" tests="1" name="Farmer_V106_Functional.LandDetails" time="44.350" errors="0" timestamp="2025-01-10T15:52:56 IST" skipped="0">
  <testcase classname="Farmer_V106_Functional.LandDetails" name="verifyTheRecordedHarvestPresentOnFFBHarvest" time="44.350"/>
  <system-out/>
</testsuite> <!-- Farmer_V106_Functional.LandDetails -->
