<?xml version="1.0" encoding="UTF-8"?>
<!-- Generated by org.testng.reporters.JUnitReportReporter -->
<testsuite hostname="GAVLMUMDT-046" failures="0" tests="1" name="Farmer_V106_Functional.Home" time="7.610" errors="0" timestamp="2025-01-10T16:37:14 IST" skipped="0">
  <testcase classname="Farmer_V106_Functional.Home" name="FFBPricing" time="7.610"/>
  <system-out/>
</testsuite> <!-- Farmer_V106_Functional.Home -->
