<?xml version="1.0" encoding="UTF-8"?>
<!-- Generated by org.testng.reporters.JUnitReportReporter -->
<testsuite hostname="GAVLMUMDT-046" failures="0" tests="1" name="Farmer_V106_Functional.ProfileTest" time="17.378" errors="0" timestamp="2025-03-26T11:49:58 IST" skipped="0">
  <testcase classname="Farmer_V106_Functional.ProfileTest" name="viewFarmerProfile" time="17.378"/>
</testsuite> <!-- Farmer_V106_Functional.ProfileTest -->
