<?xml version="1.0" encoding="UTF-8"?>
<!-- Generated by org.testng.reporters.JUnitReportReporter -->
<testsuite hostname="GAVLMUMDT-046" failures="0" tests="1" name="Farmer_V106_Functional.ProfileTest" time="17.041" errors="0" timestamp="2025-02-28T14:44:24 IST" skipped="0">
  <testcase classname="Farmer_V106_Functional.ProfileTest" name="viewFarmerProfile" time="17.041"/>
</testsuite> <!-- Farmer_V106_Functional.ProfileTest -->
