<?xml version="1.0" encoding="UTF-8"?>
<!-- Generated by org.testng.reporters.JUnitReportReporter -->
<testsuite hostname="GAVLMUMDT-046" failures="0" tests="1" name="Farmer_V106_Functional.Profile" time="20.731" errors="0" timestamp="2025-01-10T16:16:17 IST" skipped="0">
  <testcase classname="Farmer_V106_Functional.Profile" name="VerifyRFIDcard" time="20.731"/>
  <system-out/>
</testsuite> <!-- Farmer_V106_Functional.Profile -->
