<?xml version="1.0" encoding="UTF-8"?>
<!-- Generated by org.testng.reporters.JUnitReportReporter -->
<testsuite hostname="GAVLMUMDT-046" failures="0" tests="1" name="Farmer_V106_Functional.FFBHarvesting" time="29.721" errors="0" timestamp="2025-01-14T12:03:07 IST" skipped="0">
  <testcase classname="Farmer_V106_Functional.FFBHarvesting" name="recordHarvestWithoutUploadingPicture" time="29.721"/>
  <system-out/>
</testsuite> <!-- Farmer_V106_Functional.FFBHarvesting -->
