<?xml version="1.0" encoding="UTF-8"?>
<!-- Generated by org.testng.reporters.JUnitReportReporter -->
<testsuite hostname="GAVLMUMDT-046" failures="0" tests="1" name="Farmer_V106_Functional.Profile" time="17.457" errors="0" timestamp="2025-01-15T15:24:12 IST" skipped="0">
  <testcase classname="Farmer_V106_Functional.Profile" name="verifyUserIsAbleToChangeProfileImageThroughCamera" time="17.457"/>
  <system-out/>
</testsuite> <!-- Farmer_V106_Functional.Profile -->
