<?xml version="1.0" encoding="UTF-8"?>
<!-- Generated by org.testng.reporters.JUnitReportReporter -->
<testsuite hostname="GAVLMUMDT-046" failures="0" tests="1" name="Farmer_V106_Functional.collectionCenterBooking" time="37.462" errors="0" timestamp="2025-01-10T16:44:33 IST" skipped="0">
  <testcase classname="Farmer_V106_Functional.collectionCenterBooking" name="bookCC" time="37.462"/>
  <system-out/>
</testsuite> <!-- Farmer_V106_Functional.collectionCenterBooking -->
