<?xml version="1.0" encoding="UTF-8"?>
<!-- Generated by org.testng.reporters.JUnitReportReporter -->
<testsuite hostname="GAVLMUMDT-046" failures="0" tests="1" name="Farmer_V106_Functional.LandDetails" time="26.128" errors="0" timestamp="2025-01-15T14:15:09 IST" skipped="0">
  <testcase classname="Farmer_V106_Functional.LandDetails" name="verifyUserNotBeAbleToRecordHarvestWithoutUploadingImage" time="26.128"/>
  <system-out/>
</testsuite> <!-- Farmer_V106_Functional.LandDetails -->
