<?xml version="1.0" encoding="UTF-8"?>
<!-- Generated by org.testng.reporters.JUnitReportReporter -->
<testsuite hostname="GAVLMUMDT-046" failures="0" tests="1" name="Farmer_V106_Functional.CollectionCenterBookingTest" time="43.576" errors="0" timestamp="2025-04-02T09:52:07 IST" skipped="0">
  <testcase classname="Farmer_V106_Functional.CollectionCenterBookingTest" name="verifyUserIsAbleToBookCc" time="43.576"/>
</testsuite> <!-- Farmer_V106_Functional.CollectionCenterBookingTest -->
